<?xml version="1.0" encoding="UTF-8"?>
<!-- Generated by org.testng.reporters.JUnitReportReporter -->
<testsuite skipped="0" hostname="ReazPC" name="com.codenbox.MavenProject.ValidTitleTest" tests="1" failures="0" timestamp="05 Apr 2020 01:15:01 GMT" time="14.646" errors="0">
  <testcase name="basePageTitle" time="14.646" classname="com.codenbox.MavenProject.ValidTitleTest"/>
</testsuite> <!-- com.codenbox.MavenProject.ValidTitleTest -->
