<?xml version="1.0" encoding="UTF-8"?>
<!-- Generated by org.testng.reporters.JUnitReportReporter -->
<testsuite skipped="0" hostname="ReazPC" name="com.codenbox.MavenProject.NavigationBarTest" tests="2" failures="0" timestamp="05 Apr 2020 01:15:01 GMT" time="4.235" errors="0">
  <testcase name="basePageNavigationBar" time="0.084" classname="com.codenbox.MavenProject.NavigationBarTest"/>
  <testcase name="dropDownSelect" time="4.151" classname="com.codenbox.MavenProject.NavigationBarTest"/>
</testsuite> <!-- com.codenbox.MavenProject.NavigationBarTest -->
