<?xml version="1.0" encoding="UTF-8"?>
<!-- Generated by org.testng.reporters.JUnitReportReporter -->
<testsuite skipped="0" hostname="ReazPC" name="com.codenbox.MavenProject.LoginPageTest" tests="1" failures="0" timestamp="05 Apr 2020 01:15:01 GMT" time="7.701" errors="0">
  <testcase name="basePageNavigation" time="7.701" classname="com.codenbox.MavenProject.LoginPageTest"/>
</testsuite> <!-- com.codenbox.MavenProject.LoginPageTest -->
