<?xml version="1.0" encoding="UTF-8"?>
<!-- Generated by org.testng.reporters.JUnitReportReporter -->
<testsuite skipped="0" hostname="Kadirxps" name="com.codenbox.MavenProject.ValidTitleTest" tests="1" failures="0" timestamp="16 Apr 2023 13:54:09 GMT" time="10.450" errors="0">
  <testcase name="basePageTitle" time="10.450" classname="com.codenbox.MavenProject.ValidTitleTest"/>
</testsuite> <!-- com.codenbox.MavenProject.ValidTitleTest -->
