<?xml version="1.0" encoding="UTF-8"?>
<!-- Generated by org.testng.reporters.JUnitReportReporter -->
<testsuite skipped="0" hostname="ReazPC" name="com.codenbox.MavenProject.NavigationBarTest" tests="2" failures="0" timestamp="04 Apr 2020 17:58:12 GMT" time="4.620" errors="0">
  <testcase name="dropDownSelect" time="4.486" classname="com.codenbox.MavenProject.NavigationBarTest"/>
  <testcase name="basePageNavigationBar" time="0.134" classname="com.codenbox.MavenProject.NavigationBarTest"/>
</testsuite> <!-- com.codenbox.MavenProject.NavigationBarTest -->
