<?xml version="1.0" encoding="UTF-8"?>
<!-- Generated by org.testng.reporters.JUnitReportReporter -->
<testsuite skipped="0" hostname="Kadirxps" name="com.codenbox.MavenProject.NavigationBarTest" tests="2" failures="0" timestamp="16 Apr 2023 20:49:11 GMT" time="4.220" errors="0">
  <testcase name="dropDownSelect" time="4.162" classname="com.codenbox.MavenProject.NavigationBarTest"/>
  <testcase name="basePageNavigationBar" time="0.058" classname="com.codenbox.MavenProject.NavigationBarTest"/>
</testsuite> <!-- com.codenbox.MavenProject.NavigationBarTest -->
