<?xml version="1.0" encoding="UTF-8"?>
<!-- Generated by org.testng.reporters.JUnitReportReporter -->
<testsuite skipped="0" hostname="Kadirxps" name="com.codenbox.MavenProject.ValidTitleTest" tests="1" failures="0" timestamp="16 Apr 2023 20:49:11 GMT" time="15.724" errors="0">
  <testcase name="basePageTitle" time="15.724" classname="com.codenbox.MavenProject.ValidTitleTest"/>
</testsuite> <!-- com.codenbox.MavenProject.ValidTitleTest -->
