<?xml version="1.0" encoding="UTF-8"?>
<!-- Generated by org.testng.reporters.JUnitReportReporter -->
<testsuite skipped="0" hostname="Kadirxps" name="com.codenbox.MavenProject.LoginPageTest" tests="1" failures="0" timestamp="16 Apr 2023 20:49:11 GMT" time="9.573" errors="0">
  <testcase name="basePageNavigation" time="9.573" classname="com.codenbox.MavenProject.LoginPageTest"/>
</testsuite> <!-- com.codenbox.MavenProject.LoginPageTest -->
