<?xml version="1.0" encoding="UTF-8"?>
<!-- Generated by org.testng.reporters.JUnitReportReporter -->
<testsuite skipped="0" hostname="ReazPC" name="com.codenbox.MavenProject.LoginPageTest" tests="1" failures="0" timestamp="04 Apr 2020 17:58:12 GMT" time="9.658" errors="0">
  <testcase name="basePageNavigation" time="9.658" classname="com.codenbox.MavenProject.LoginPageTest"/>
</testsuite> <!-- com.codenbox.MavenProject.LoginPageTest -->
