<?xml version="1.0" encoding="UTF-8"?>
<!-- Generated by org.testng.reporters.JUnitReportReporter -->
<testsuite skipped="0" hostname="ReazPC" name="com.codenbox.MavenProject.ValidTitleTest" tests="1" failures="0" timestamp="04 Apr 2020 17:58:12 GMT" time="30.973" errors="0">
  <testcase name="basePageTitle" time="30.973" classname="com.codenbox.MavenProject.ValidTitleTest"/>
</testsuite> <!-- com.codenbox.MavenProject.ValidTitleTest -->
